Pig Stack Trace
---------------
ERROR 1200: <line 7, column 65>  mismatched input '}' expecting SEMI_COLON

Failed to parse: <line 7, column 65>  mismatched input '}' expecting SEMI_COLON
	at org.apache.pig.parser.QueryParserDriver.parse(QueryParserDriver.java:244)
	at org.apache.pig.parser.QueryParserDriver.parse(QueryParserDriver.java:182)
	at org.apache.pig.PigServer$Graph.validateQuery(PigServer.java:1707)
	at org.apache.pig.PigServer$Graph.registerQuery(PigServer.java:1680)
	at org.apache.pig.PigServer.registerQuery(PigServer.java:623)
	at org.apache.pig.tools.grunt.GruntParser.processPig(GruntParser.java:1079)
	at org.apache.pig.tools.pigscript.parser.PigScriptParser.parse(PigScriptParser.java:505)
	at org.apache.pig.tools.grunt.GruntParser.parseStopOnError(GruntParser.java:230)
	at org.apache.pig.tools.grunt.GruntParser.parseStopOnError(GruntParser.java:205)
	at org.apache.pig.tools.grunt.Grunt.run(Grunt.java:66)
	at org.apache.pig.Main.run(Main.java:565)
	at org.apache.pig.Main.main(Main.java:177)
	at sun.reflect.NativeMethodAccessorImpl.invoke0(Native Method)
	at sun.reflect.NativeMethodAccessorImpl.invoke(NativeMethodAccessorImpl.java:57)
	at sun.reflect.DelegatingMethodAccessorImpl.invoke(DelegatingMethodAccessorImpl.java:43)
	at java.lang.reflect.Method.invoke(Method.java:606)
	at org.apache.hadoop.util.RunJar.run(RunJar.java:221)
	at org.apache.hadoop.util.RunJar.main(RunJar.java:136)
================================================================================
Pig Stack Trace
---------------
ERROR 1200: org.apache.pig.newplan.logical.expression.ScalarExpression cannot be cast to org.apache.pig.newplan.logical.expression.ProjectExpression

Failed to parse: org.apache.pig.newplan.logical.expression.ScalarExpression cannot be cast to org.apache.pig.newplan.logical.expression.ProjectExpression
	at org.apache.pig.parser.QueryParserDriver.parse(QueryParserDriver.java:201)
	at org.apache.pig.PigServer$Graph.validateQuery(PigServer.java:1707)
	at org.apache.pig.PigServer$Graph.registerQuery(PigServer.java:1680)
	at org.apache.pig.PigServer.registerQuery(PigServer.java:623)
	at org.apache.pig.tools.grunt.GruntParser.processPig(GruntParser.java:1079)
	at org.apache.pig.tools.pigscript.parser.PigScriptParser.parse(PigScriptParser.java:505)
	at org.apache.pig.tools.grunt.GruntParser.parseStopOnError(GruntParser.java:230)
	at org.apache.pig.tools.grunt.GruntParser.parseStopOnError(GruntParser.java:205)
	at org.apache.pig.tools.grunt.Grunt.run(Grunt.java:66)
	at org.apache.pig.Main.run(Main.java:565)
	at org.apache.pig.Main.main(Main.java:177)
	at sun.reflect.NativeMethodAccessorImpl.invoke0(Native Method)
	at sun.reflect.NativeMethodAccessorImpl.invoke(NativeMethodAccessorImpl.java:57)
	at sun.reflect.DelegatingMethodAccessorImpl.invoke(DelegatingMethodAccessorImpl.java:43)
	at java.lang.reflect.Method.invoke(Method.java:606)
	at org.apache.hadoop.util.RunJar.run(RunJar.java:221)
	at org.apache.hadoop.util.RunJar.main(RunJar.java:136)
Caused by: java.lang.ClassCastException: org.apache.pig.newplan.logical.expression.ScalarExpression cannot be cast to org.apache.pig.newplan.logical.expression.ProjectExpression
	at org.apache.pig.parser.LogicalPlanGenerator.nested_proj(LogicalPlanGenerator.java:16769)
	at org.apache.pig.parser.LogicalPlanGenerator.nested_op_input(LogicalPlanGenerator.java:17770)
	at org.apache.pig.parser.LogicalPlanGenerator.nested_distinct(LogicalPlanGenerator.java:17108)
	at org.apache.pig.parser.LogicalPlanGenerator.nested_op(LogicalPlanGenerator.java:16550)
	at org.apache.pig.parser.LogicalPlanGenerator.nested_command(LogicalPlanGenerator.java:16289)
	at org.apache.pig.parser.LogicalPlanGenerator.nested_blk(LogicalPlanGenerator.java:16147)
	at org.apache.pig.parser.LogicalPlanGenerator.foreach_plan(LogicalPlanGenerator.java:16055)
	at org.apache.pig.parser.LogicalPlanGenerator.foreach_clause(LogicalPlanGenerator.java:15880)
	at org.apache.pig.parser.LogicalPlanGenerator.op_clause(LogicalPlanGenerator.java:1933)
	at org.apache.pig.parser.LogicalPlanGenerator.general_statement(LogicalPlanGenerator.java:1102)
	at org.apache.pig.parser.LogicalPlanGenerator.statement(LogicalPlanGenerator.java:560)
	at org.apache.pig.parser.LogicalPlanGenerator.query(LogicalPlanGenerator.java:421)
	at org.apache.pig.parser.QueryParserDriver.parse(QueryParserDriver.java:191)
	... 16 more
================================================================================
